-------------------------------------------------------------------------------
Test set: TestSuite
-------------------------------------------------------------------------------
Tests run: 13, Failures: 4, Errors: 0, Skipped: 0, Time elapsed: 156.5 s <<< FAILURE! -- in TestSuite
com.runner.FeatureRunner.runScenario["Successfully updating contact details", "Update Contact Details"](3) -- Time elapsed: 12.60 s <<< FAILURE!
org.openqa.selenium.NoSuchElementException: 
no such element: Unable to locate element: {"method":"css selector","selector":"#app div:nth-of-type(1) div:nth-of-type(2) div:nth-of-type(2) div.orangehrm-background-container div.orangehrm-card-container div.orangehrm-edit-employee div:nth-of-type(2) div:nth-of-type(1) form.oxd-form div:nth-of-type(3) div.oxd-grid-3.orangehrm-full-width-grid div:nth-of-type(1) div.oxd-input-group.oxd-input-field-bottom-space div:nth-of-type(2) input.oxd-input.oxd-input--active"}
  (Session info: chrome=131.0.6778.265)
For documentation on this error, please visit: https://www.selenium.dev/documentation/webdriver/troubleshooting/errors#no-such-element-exception
Build info: version: '4.27.0', revision: 'd6e718d134'
System info: os.name: 'Windows 11', os.arch: 'amd64', os.version: '10.0', java.version: '23'
Driver info: org.openqa.selenium.chrome.ChromeDriver
Command: [616174f98e8058d3483eb57585895aa4, findElement {using=css selector, value=#app div:nth-of-type(1) div:nth-of-type(2) div:nth-of-type(2) div.orangehrm-background-container div.orangehrm-card-container div.orangehrm-edit-employee div:nth-of-type(2) div:nth-of-type(1) form.oxd-form div:nth-of-type(3) div.oxd-grid-3.orangehrm-full-width-grid div:nth-of-type(1) div.oxd-input-group.oxd-input-field-bottom-space div:nth-of-type(2) input.oxd-input.oxd-input--active}]
Capabilities {acceptInsecureCerts: false, browserName: chrome, browserVersion: 131.0.6778.265, chrome: {chromedriverVersion: 131.0.6778.264 (2d05e315153..., userDataDir: C:\Users\imsan\AppData\Loca...}, fedcm:accounts: true, goog:chromeOptions: {debuggerAddress: localhost:49837}, networkConnectionEnabled: false, pageLoadStrategy: normal, platformName: windows, proxy: Proxy(), se:cdp: ws://localhost:49837/devtoo..., se:cdpVersion: 131.0.6778.265, setWindowRect: true, strictFileInteractability: false, timeouts: {implicit: 0, pageLoad: 300000, script: 30000}, unhandledPromptBehavior: dismiss and notify, webauthn:extension:credBlob: true, webauthn:extension:largeBlob: true, webauthn:extension:minPinLength: true, webauthn:extension:prf: true, webauthn:virtualAuthenticators: true}
Session ID: 616174f98e8058d3483eb57585895aa4
	at java.base/jdk.internal.reflect.DirectConstructorHandleAccessor.newInstance(DirectConstructorHandleAccessor.java:62)
	at java.base/java.lang.reflect.Constructor.newInstanceWithCaller(Constructor.java:501)
	at java.base/java.lang.reflect.Constructor.newInstance(Constructor.java:485)
	at org.openqa.selenium.remote.ErrorCodec.decode(ErrorCodec.java:167)
	at org.openqa.selenium.remote.codec.w3c.W3CHttpResponseCodec.decode(W3CHttpResponseCodec.java:138)
	at org.openqa.selenium.remote.codec.w3c.W3CHttpResponseCodec.decode(W3CHttpResponseCodec.java:50)
	at org.openqa.selenium.remote.HttpCommandExecutor.execute(HttpCommandExecutor.java:190)
	at org.openqa.selenium.remote.service.DriverCommandExecutor.invokeExecute(DriverCommandExecutor.java:216)
	at org.openqa.selenium.remote.service.DriverCommandExecutor.execute(DriverCommandExecutor.java:174)
	at org.openqa.selenium.remote.RemoteWebDriver.execute(RemoteWebDriver.java:545)
	at org.openqa.selenium.remote.ElementLocation$ElementFinder$2.findElement(ElementLocation.java:165)
	at org.openqa.selenium.remote.ElementLocation.findElement(ElementLocation.java:59)
	at org.openqa.selenium.remote.RemoteWebDriver.findElement(RemoteWebDriver.java:368)
	at org.openqa.selenium.remote.RemoteWebDriver.findElement(RemoteWebDriver.java:362)
	at org.openqa.selenium.support.pagefactory.DefaultElementLocator.findElement(DefaultElementLocator.java:68)
	at org.openqa.selenium.support.pagefactory.internal.LocatingElementHandler.invoke(LocatingElementHandler.java:38)
	at jdk.proxy2/jdk.proxy2.$Proxy20.getWrappedElement(Unknown Source)
	at org.openqa.selenium.remote.WebElementToJsonConverter.apply(WebElementToJsonConverter.java:48)
	at java.base/java.util.stream.ReferencePipeline$3$1.accept(ReferencePipeline.java:215)
	at java.base/java.util.Spliterators$ArraySpliterator.forEachRemaining(Spliterators.java:1024)
	at java.base/java.util.stream.AbstractPipeline.copyInto(AbstractPipeline.java:570)
	at java.base/java.util.stream.AbstractPipeline.wrapAndCopyInto(AbstractPipeline.java:560)
	at java.base/java.util.stream.ReduceOps$ReduceOp.evaluateSequential(ReduceOps.java:921)
	at java.base/java.util.stream.AbstractPipeline.evaluate(AbstractPipeline.java:265)
	at java.base/java.util.stream.ReferencePipeline.collect(ReferencePipeline.java:727)
	at org.openqa.selenium.remote.RemoteWebDriver.executeScript(RemoteWebDriver.java:474)
	at com.testingshastra.pages.ContactDetailsPage.setWorkEmailTextField(ContactDetailsPage.java:188)
	at com.stepdefinitions.ContactDetailsSteps.i_enter_work_email(ContactDetailsSteps.java:76)
	at ✽.I enter work email as "user@company.com"(file:///C:/Users/imsan/Videos/eclipse_ws/carnation24a-master/src/test/resources/Features/Contact_Details.feature:14)

com.runner.FeatureRunner.runScenario["Verify adding a new dependent for employee", "Update dependent Details"](4) -- Time elapsed: 9.992 s <<< FAILURE!
org.openqa.selenium.ElementNotInteractableException: 
element not interactable
  (Session info: chrome=131.0.6778.265)
Build info: version: '4.27.0', revision: 'd6e718d134'
System info: os.name: 'Windows 11', os.arch: 'amd64', os.version: '10.0', java.version: '23'
Driver info: org.openqa.selenium.chrome.ChromeDriver
Command: [62f125b98a4a1d3826101da88cb3032b, sendKeysToElement {id=f.CCAFE5BFA034CB9180816C02DFA949D6.d.D4B08FBD511B8EAEC7FCD0C0BD167749.e.49, value=[Ljava.lang.CharSequence;@34b87182}]
Capabilities {acceptInsecureCerts: false, browserName: chrome, browserVersion: 131.0.6778.265, chrome: {chromedriverVersion: 131.0.6778.264 (2d05e315153..., userDataDir: C:\Users\imsan\AppData\Loca...}, fedcm:accounts: true, goog:chromeOptions: {debuggerAddress: localhost:49862}, networkConnectionEnabled: false, pageLoadStrategy: normal, platformName: windows, proxy: Proxy(), se:cdp: ws://localhost:49862/devtoo..., se:cdpVersion: 131.0.6778.265, setWindowRect: true, strictFileInteractability: false, timeouts: {implicit: 0, pageLoad: 300000, script: 30000}, unhandledPromptBehavior: dismiss and notify, webauthn:extension:credBlob: true, webauthn:extension:largeBlob: true, webauthn:extension:minPinLength: true, webauthn:extension:prf: true, webauthn:virtualAuthenticators: true}
Element: [[ChromeDriver: chrome on windows (62f125b98a4a1d3826101da88cb3032b)] -> xpath: //*[@id="app"]/div[1]/div[2]/div[2]/div/div/div/div[2]/div[1]/form/div[1]/div/div[2]/div/div[2]/div/div/div[2]/i]
Session ID: 62f125b98a4a1d3826101da88cb3032b
	at java.base/jdk.internal.reflect.DirectConstructorHandleAccessor.newInstance(DirectConstructorHandleAccessor.java:62)
	at java.base/java.lang.reflect.Constructor.newInstanceWithCaller(Constructor.java:501)
	at java.base/java.lang.reflect.Constructor.newInstance(Constructor.java:485)
	at org.openqa.selenium.remote.ErrorCodec.decode(ErrorCodec.java:167)
	at org.openqa.selenium.remote.codec.w3c.W3CHttpResponseCodec.decode(W3CHttpResponseCodec.java:138)
	at org.openqa.selenium.remote.codec.w3c.W3CHttpResponseCodec.decode(W3CHttpResponseCodec.java:50)
	at org.openqa.selenium.remote.HttpCommandExecutor.execute(HttpCommandExecutor.java:190)
	at org.openqa.selenium.remote.service.DriverCommandExecutor.invokeExecute(DriverCommandExecutor.java:216)
	at org.openqa.selenium.remote.service.DriverCommandExecutor.execute(DriverCommandExecutor.java:174)
	at org.openqa.selenium.remote.RemoteWebDriver.execute(RemoteWebDriver.java:545)
	at org.openqa.selenium.remote.RemoteWebElement.execute(RemoteWebElement.java:223)
	at org.openqa.selenium.remote.RemoteWebElement.sendKeys(RemoteWebElement.java:110)
	at java.base/jdk.internal.reflect.DirectMethodHandleAccessor.invoke(DirectMethodHandleAccessor.java:103)
	at java.base/java.lang.reflect.Method.invoke(Method.java:580)
	at org.openqa.selenium.support.pagefactory.internal.LocatingElementHandler.invoke(LocatingElementHandler.java:51)
	at jdk.proxy2/jdk.proxy2.$Proxy20.sendKeys(Unknown Source)
	at com.testingshastra.pages.DependentsPage.setdependentsNameTextField(DependentsPage.java:57)
	at com.stepdefinitions.DependentsSteps.i_add_a_new_dependent_with_name_and_relationship(DependentsSteps.java:23)
	at ✽.I add a new dependent with name "John Doe" and relationship "Child"(file:///C:/Users/imsan/Videos/eclipse_ws/carnation24a-master/src/test/resources/Features/Dependents.feature:6)

com.runner.FeatureRunner.runScenario["Unsuccessful login with invalid username", "Testing Login and Logout functionality on OrangeHRM website"](7) -- Time elapsed: 8.701 s <<< FAILURE!
java.lang.AssertionError: Error message is not displayed as expected expected [true] but found [false]
	at org.testng.Assert.fail(Assert.java:110)
	at org.testng.Assert.failNotEquals(Assert.java:1577)
	at org.testng.Assert.assertTrue(Assert.java:56)
	at com.stepdefinitions.LoginLogoutTestSteps.i_Should_See_An_Error_Message_ForInvalid_Username(LoginLogoutTestSteps.java:102)
	at ✽.I should see an error message for invalid credentials(file:///C:/Users/imsan/Videos/eclipse_ws/carnation24a-master/src/test/resources/Features/Login_Logout.feature:14)

com.runner.FeatureRunner.runScenario["Unsuccessful login with invalid password", "Testing Login and Logout functionality on OrangeHRM website"](8) -- Time elapsed: 8.729 s <<< FAILURE!
java.lang.AssertionError: Error message is not displayed as expected expected [true] but found [false]
	at org.testng.Assert.fail(Assert.java:110)
	at org.testng.Assert.failNotEquals(Assert.java:1577)
	at org.testng.Assert.assertTrue(Assert.java:56)
	at com.stepdefinitions.LoginLogoutTestSteps.i_Should_See_An_Error_Message_ForInvalid_Username(LoginLogoutTestSteps.java:102)
	at ✽.I should see an error message for invalid credentials(file:///C:/Users/imsan/Videos/eclipse_ws/carnation24a-master/src/test/resources/Features/Login_Logout.feature:20)

